#
# There is insufficient memory for the Java Runtime Environment to continue.
# Native memory allocation (mmap) failed to map 66060288 bytes. Error detail: G1 virtual space
# Possible reasons:
#   The system is out of physical RAM or swap space
#   This process is running with CompressedOops enabled, and the Java Heap may be blocking the growth of the native heap
# Possible solutions:
#   Reduce memory load on the system
#   Increase physical memory or swap space
#   Check if swap backing store is full
#   Decrease Java heap size (-Xmx/-Xms)
#   Decrease number of Java threads
#   Decrease Java thread stack sizes (-Xss)
#   Set larger code cache with -XX:ReservedCodeCacheSize=
#   JVM is running with Unscaled Compressed Oops mode in which the Java heap is
#     placed in the first 4GB address space. The Java Heap base address is the
#     maximum limit for the native heap growth. Please use -XX:HeapBaseMinAddress
#     to set the Java Heap base and to place the Java Heap above 4GB virtual address.
# This output file may be truncated or incomplete.
#
#  Out of Memory Error (os_windows.cpp:3686), pid=12448, tid=22392
#
# JRE version: OpenJDK Runtime Environment Temurin-21.0.6+7 (21.0.6+7) (build 21.0.6+7-LTS)
# Java VM: OpenJDK 64-Bit Server VM Temurin-21.0.6+7 (21.0.6+7-LTS, mixed mode, emulated-client, sharing, tiered, compressed oops, compressed class ptrs, g1 gc, windows-amd64)
# No core dump will be written. Minidumps are not enabled by default on client versions of Windows
#

---------------  S U M M A R Y ------------

Command Line: -Dcom.sun.management.jmxremote -Dcom.sun.management.jmxremote.port=61876 -Dcom.sun.management.jmxremote.authenticate=false -Dcom.sun.management.jmxremote.ssl=false -Djava.rmi.server.hostname=localhost -Dspring.jmx.enabled=true -Dmanagement.endpoints.jmx.exposure.include=* -Dspring.application.admin.enabled=true -Dspring.output.ansi.enabled=always -XX:TieredStopAtLevel=1 -Dspring.boot.project.name=StayNestProject -Dfile.encoding=UTF-8 -Dstdout.encoding=UTF-8 -Dstderr.encoding=UTF-8 -XX:+ShowCodeDetailsInExceptionMessages com.app.StayNestApplication

Host: Intel(R) Core(TM) i5-8350U CPU @ 1.70GHz, 8 cores, 7G,  Windows 10 , 64 bit Build 19041 (10.0.19041.5915)
Time: Mon Aug 18 18:44:11 2025 India Standard Time elapsed time: 8.498297 seconds (0d 0h 0m 8s)

---------------  T H R E A D  ---------------

Current thread (0x0000022afeb21990):  VMThread "VM Thread"          [id=22392, stack(0x000000aa1fc00000,0x000000aa1fd00000) (1024K)]

Stack: [0x000000aa1fc00000,0x000000aa1fd00000]
Native frames: (J=compiled Java code, j=interpreted, Vv=VM code, C=native code)
V  [jvm.dll+0x6cdee9]
V  [jvm.dll+0x8a83d1]
V  [jvm.dll+0x8aa8fe]
V  [jvm.dll+0x8aafe3]
V  [jvm.dll+0x27f706]
V  [jvm.dll+0x6ca755]
V  [jvm.dll+0x6bea3a]
V  [jvm.dll+0x355d6a]
V  [jvm.dll+0x35d936]
V  [jvm.dll+0x3af58e]
V  [jvm.dll+0x3af838]
V  [jvm.dll+0x329efc]
V  [jvm.dll+0x329f87]
V  [jvm.dll+0x36dd4c]
V  [jvm.dll+0x36c598]
V  [jvm.dll+0x3296c1]
V  [jvm.dll+0x36bc0a]
V  [jvm.dll+0x8b0cff]
V  [jvm.dll+0x8b2084]
V  [jvm.dll+0x8b25c0]
V  [jvm.dll+0x8b2863]
V  [jvm.dll+0x851f8b]
V  [jvm.dll+0x6cc5ed]
C  [ucrtbase.dll+0x21bb2]
C  [KERNEL32.DLL+0x17374]
C  [ntdll.dll+0x4cc91]

VM_Operation (0x000000aa217f9030): G1CollectForAllocation, mode: safepoint, requested by thread 0x0000022aff7071c0


---------------  P R O C E S S  ---------------

Threads class SMR info:
_java_thread_list=0x0000022af2f2a3b0, length=27, elements={
0x0000022af0b425c0, 0x0000022afeb41db0, 0x0000022afeb43460, 0x0000022afeb44d90,
0x0000022afeb47ab0, 0x0000022afeb4dcc0, 0x0000022afeb51c10, 0x0000022afeb52660,
0x0000022afeb121e0, 0x0000022afeb12840, 0x0000022afec7ffa0, 0x0000022aff1e9aa0,
0x0000022aff1acb40, 0x0000022aff198d30, 0x0000022aff3e2e80, 0x0000022aff3e34e0,
0x0000022aff3fd740, 0x0000022aff428b50, 0x0000022aff42c7d0, 0x0000022aff706b30,
0x0000022aff7071c0, 0x0000022aff705780, 0x0000022aff705e10, 0x0000022aff7064a0,
0x0000022aff707850, 0x0000022aff7043d0, 0x0000022aff704a60
}

Java Threads: ( => current thread )
  0x0000022af0b425c0 JavaThread "main"                              [_thread_blocked, id=15588, stack(0x000000aa1f500000,0x000000aa1f600000) (1024K)]
  0x0000022afeb41db0 JavaThread "Reference Handler"          daemon [_thread_blocked, id=13924, stack(0x000000aa1fd00000,0x000000aa1fe00000) (1024K)]
  0x0000022afeb43460 JavaThread "Finalizer"                  daemon [_thread_blocked, id=23104, stack(0x000000aa1fe00000,0x000000aa1ff00000) (1024K)]
  0x0000022afeb44d90 JavaThread "Signal Dispatcher"          daemon [_thread_blocked, id=17268, stack(0x000000aa1ff00000,0x000000aa20000000) (1024K)]
  0x0000022afeb47ab0 JavaThread "Attach Listener"            daemon [_thread_blocked, id=21236, stack(0x000000aa20000000,0x000000aa20100000) (1024K)]
  0x0000022afeb4dcc0 JavaThread "Service Thread"             daemon [_thread_blocked, id=15208, stack(0x000000aa20100000,0x000000aa20200000) (1024K)]
  0x0000022afeb51c10 JavaThread "Monitor Deflation Thread"   daemon [_thread_blocked, id=12648, stack(0x000000aa20200000,0x000000aa20300000) (1024K)]
  0x0000022afeb52660 JavaThread "C1 CompilerThread0"         daemon [_thread_blocked, id=23432, stack(0x000000aa20300000,0x000000aa20400000) (1024K)]
  0x0000022afeb121e0 JavaThread "Common-Cleaner"             daemon [_thread_blocked, id=8012, stack(0x000000aa20400000,0x000000aa20500000) (1024K)]
  0x0000022afeb12840 JavaThread "C1 CompilerThread1"         daemon [_thread_blocked, id=15592, stack(0x000000aa20500000,0x000000aa20600000) (1024K)]
  0x0000022afec7ffa0 JavaThread "Notification Thread"        daemon [_thread_blocked, id=19052, stack(0x000000aa20600000,0x000000aa20700000) (1024K)]
  0x0000022aff1e9aa0 JavaThread "C1 CompilerThread2"         daemon [_thread_blocked, id=20560, stack(0x000000aa20700000,0x000000aa20800000) (1024K)]
  0x0000022aff1acb40 JavaThread "RMI TCP Accept-0"           daemon [_thread_in_native, id=17808, stack(0x000000aa20800000,0x000000aa20900000) (1024K)]
  0x0000022aff198d30 JavaThread "RMI TCP Accept-61876"       daemon [_thread_in_native, id=20712, stack(0x000000aa20900000,0x000000aa20a00000) (1024K)]
  0x0000022aff3e2e80 JavaThread "RMI TCP Connection(1)-127.0.0.1" daemon [_thread_in_native, id=20572, stack(0x000000aa20a00000,0x000000aa20b00000) (1024K)]
  0x0000022aff3e34e0 JavaThread "RMI TCP Accept-0"           daemon [_thread_in_native, id=8324, stack(0x000000aa20b00000,0x000000aa20c00000) (1024K)]
  0x0000022aff3fd740 JavaThread "RMI Scheduler(0)"           daemon [_thread_blocked, id=9672, stack(0x000000aa20c00000,0x000000aa20d00000) (1024K)]
  0x0000022aff428b50 JavaThread "RMI TCP Connection(2)-127.0.0.1" daemon [_thread_in_native, id=22184, stack(0x000000aa20d00000,0x000000aa20e00000) (1024K)]
  0x0000022aff42c7d0 JavaThread "JMX server connection timeout 28" daemon [_thread_blocked, id=15428, stack(0x000000aa20e00000,0x000000aa20f00000) (1024K)]
  0x0000022aff706b30 JavaThread "Thread-0"                          [_thread_blocked, id=4812, stack(0x000000aa21600000,0x000000aa21700000) (1024K)]
  0x0000022aff7071c0 JavaThread "restartedMain"                     [_thread_blocked, id=22664, stack(0x000000aa21700000,0x000000aa21800000) (1024K)]
  0x0000022aff705780 JavaThread "Catalina-utility-1"                [_thread_blocked, id=12992, stack(0x000000aa21800000,0x000000aa21900000) (1024K)]
  0x0000022aff705e10 JavaThread "Catalina-utility-2"                [_thread_blocked, id=1196, stack(0x000000aa21a00000,0x000000aa21b00000) (1024K)]
  0x0000022aff7064a0 JavaThread "container-0"                       [_thread_blocked, id=19004, stack(0x000000aa21b00000,0x000000aa21c00000) (1024K)]
  0x0000022aff707850 JavaThread "mysql-cj-abandoned-connection-cleanup" daemon [_thread_blocked, id=11540, stack(0x000000aa21c00000,0x000000aa21d00000) (1024K)]
  0x0000022aff7043d0 JavaThread "HikariPool-1:housekeeper"   daemon [_thread_blocked, id=11692, stack(0x000000aa21e00000,0x000000aa21f00000) (1024K)]
  0x0000022aff704a60 JavaThread "HikariPool-1:connection-adder" daemon [_thread_blocked, id=15744, stack(0x000000aa21f00000,0x000000aa22000000) (1024K)]
Total: 27

Other Threads:
=>0x0000022afeb21990 VMThread "VM Thread"                           [id=22392, stack(0x000000aa1fc00000,0x000000aa1fd00000) (1024K)]
  0x0000022afeb11600 WatcherThread "VM Periodic Task Thread"        [id=7636, stack(0x000000aa1fb00000,0x000000aa1fc00000) (1024K)]
  0x0000022af2ee57a0 WorkerThread "GC Thread#0"                     [id=6344, stack(0x000000aa1f600000,0x000000aa1f700000) (1024K)]
  0x0000022aff4f0cf0 WorkerThread "GC Thread#1"                     [id=18508, stack(0x000000aa20f00000,0x000000aa21000000) (1024K)]
  0x0000022aff4f1090 WorkerThread "GC Thread#2"                     [id=11556, stack(0x000000aa21000000,0x000000aa21100000) (1024K)]
  0x0000022aff50b620 WorkerThread "GC Thread#3"                     [id=17572, stack(0x000000aa21100000,0x000000aa21200000) (1024K)]
  0x0000022aff50bdd0 WorkerThread "GC Thread#4"                     [id=22124, stack(0x000000aa21200000,0x000000aa21300000) (1024K)]
  0x0000022aff50c170 WorkerThread "GC Thread#5"                     [id=11176, stack(0x000000aa21300000,0x000000aa21400000) (1024K)]
  0x0000022aff50c510 WorkerThread "GC Thread#6"                     [id=15380, stack(0x000000aa21400000,0x000000aa21500000) (1024K)]
  0x0000022aff50ccc0 WorkerThread "GC Thread#7"                     [id=11636, stack(0x000000aa21500000,0x000000aa21600000) (1024K)]
  0x0000022af2ef74a0 ConcurrentGCThread "G1 Main Marker"            [id=13904, stack(0x000000aa1f700000,0x000000aa1f800000) (1024K)]
  0x0000022af2ef7fa0 WorkerThread "G1 Conc#0"                       [id=484, stack(0x000000aa1f800000,0x000000aa1f900000) (1024K)]
  0x0000022ac5139100 WorkerThread "G1 Conc#1"                       [id=12544, stack(0x000000aa21900000,0x000000aa21a00000) (1024K)]
  0x0000022afe9e4580 ConcurrentGCThread "G1 Refine#0"               [id=14876, stack(0x000000aa1f900000,0x000000aa1fa00000) (1024K)]
  0x0000022afe9e4d00 ConcurrentGCThread "G1 Service"                [id=19716, stack(0x000000aa1fa00000,0x000000aa1fb00000) (1024K)]
Total: 15

Threads with active compile tasks:
Total: 0

VM state: at safepoint (normal execution)

VM Mutex/Monitor currently owned by a thread:  ([mutex/lock_event])
[0x00007ffc03e9e380] Threads_lock - owner thread: 0x0000022afeb21990
[0x00007ffc03e9e480] Heap_lock - owner thread: 0x0000022aff7071c0

Heap address: 0x0000000082200000, size: 2014 MB, Compressed Oops mode: 32-bit

CDS archive(s) mapped at: [0x0000022a80000000-0x0000022a80c80000-0x0000022a80c80000), size 13107200, SharedBaseAddress: 0x0000022a80000000, ArchiveRelocationMode: 1.
Compressed class space mapped at: 0x0000022a81000000-0x0000022ac1000000, reserved size: 1073741824
Narrow klass base: 0x0000022a80000000, Narrow klass shift: 0, Narrow klass range: 0x100000000

GC Precious Log:
 CardTable entry size: 512
 Card Set container configuration: InlinePtr #cards 5 size 8 Array Of Cards #cards 12 size 40 Howl #buckets 4 coarsen threshold 1843 Howl Bitmap #cards 512 size 80 coarsen threshold 460 Card regions per heap region 1 cards per card region 2048
 CPUs: 8 total, 8 available
 Memory: 8050M
 Large Page Support: Disabled
 NUMA Support: Disabled
 Compressed Oops: Enabled (32-bit)
 Heap Region Size: 1M
 Heap Min Capacity: 8M
 Heap Initial Capacity: 126M
 Heap Max Capacity: 2014M
 Pre-touch: Disabled
 Parallel Workers: 8
 Concurrent Workers: 2
 Concurrent Refinement Workers: 8
 Periodic GC: Disabled

Heap:
 garbage-first heap   total 130048K, used 61989K [0x0000000082200000, 0x0000000100000000)
  region size 1024K, 4 young (4096K), 4 survivors (4096K)
 Metaspace       used 80377K, committed 81216K, reserved 1179648K
  class space    used 11863K, committed 12224K, reserved 1048576K

Heap Regions: E=young(eden), S=young(survivor), O=old, HS=humongous(starts), HC=humongous(continues), CS=collection set, F=free, TAMS=top-at-mark-start, PB=parsable bottom
|   0|0x0000000082200000, 0x0000000082300000, 0x0000000082300000|100%|HS|  |TAMS 0x0000000082300000| PB 0x0000000082200000| Complete 
|   1|0x0000000082300000, 0x0000000082400000, 0x0000000082400000|100%|HS|  |TAMS 0x0000000082400000| PB 0x0000000082300000| Complete 
|   2|0x0000000082400000, 0x0000000082500000, 0x0000000082500000|100%|HS|  |TAMS 0x0000000082500000| PB 0x0000000082400000| Complete 
|   3|0x0000000082500000, 0x0000000082600000, 0x0000000082600000|100%| O|  |TAMS 0x0000000082600000| PB 0x0000000082500000| Untracked 
|   4|0x0000000082600000, 0x0000000082700000, 0x0000000082700000|100%| O|  |TAMS 0x0000000082700000| PB 0x0000000082600000| Untracked 
|   5|0x0000000082700000, 0x0000000082800000, 0x0000000082800000|100%| O|  |TAMS 0x0000000082800000| PB 0x0000000082700000| Untracked 
|   6|0x0000000082800000, 0x0000000082900000, 0x0000000082900000|100%| O|  |TAMS 0x0000000082900000| PB 0x0000000082800000| Untracked 
|   7|0x0000000082900000, 0x0000000082a00000, 0x0000000082a00000|100%| O|  |TAMS 0x0000000082a00000| PB 0x0000000082900000| Untracked 
|   8|0x0000000082a00000, 0x0000000082b00000, 0x0000000082b00000|100%| O|  |TAMS 0x0000000082b00000| PB 0x0000000082a00000| Untracked 
|   9|0x0000000082b00000, 0x0000000082c00000, 0x0000000082c00000|100%| O|  |TAMS 0x0000000082c00000| PB 0x0000000082b00000| Untracked 
|  10|0x0000000082c00000, 0x0000000082d00000, 0x0000000082d00000|100%| O|  |TAMS 0x0000000082d00000| PB 0x0000000082c00000| Untracked 
|  11|0x0000000082d00000, 0x0000000082e00000, 0x0000000082e00000|100%| O|  |TAMS 0x0000000082e00000| PB 0x0000000082d00000| Untracked 
|  12|0x0000000082e00000, 0x0000000082f00000, 0x0000000082f00000|100%| O|  |TAMS 0x0000000082f00000| PB 0x0000000082e00000| Untracked 
|  13|0x0000000082f00000, 0x0000000083000000, 0x0000000083000000|100%| O|  |TAMS 0x0000000083000000| PB 0x0000000082f00000| Untracked 
|  14|0x0000000083000000, 0x0000000083100000, 0x0000000083100000|100%| O|  |TAMS 0x0000000083100000| PB 0x0000000083000000| Untracked 
|  15|0x0000000083100000, 0x0000000083200000, 0x0000000083200000|100%| O|  |TAMS 0x0000000083200000| PB 0x0000000083100000| Untracked 
|  16|0x0000000083200000, 0x0000000083300000, 0x0000000083300000|100%| O|  |TAMS 0x0000000083300000| PB 0x0000000083200000| Untracked 
|  17|0x0000000083300000, 0x0000000083400000, 0x0000000083400000|100%| O|  |TAMS 0x0000000083400000| PB 0x0000000083300000| Untracked 
|  18|0x0000000083400000, 0x0000000083500000, 0x0000000083500000|100%| O|  |TAMS 0x0000000083500000| PB 0x0000000083400000| Untracked 
|  19|0x0000000083500000, 0x0000000083600000, 0x0000000083600000|100%| O|  |TAMS 0x0000000083600000| PB 0x0000000083500000| Untracked 
|  20|0x0000000083600000, 0x0000000083700000, 0x0000000083700000|100%| O|  |TAMS 0x0000000083700000| PB 0x0000000083600000| Untracked 
|  21|0x0000000083700000, 0x0000000083800000, 0x0000000083800000|100%| O|  |TAMS 0x0000000083800000| PB 0x0000000083700000| Untracked 
|  22|0x0000000083800000, 0x0000000083900000, 0x0000000083900000|100%| O|  |TAMS 0x0000000083900000| PB 0x0000000083800000| Untracked 
|  23|0x0000000083900000, 0x0000000083a00000, 0x0000000083a00000|100%| O|  |TAMS 0x0000000083a00000| PB 0x0000000083900000| Untracked 
|  24|0x0000000083a00000, 0x0000000083b00000, 0x0000000083b00000|100%| O|  |TAMS 0x0000000083b00000| PB 0x0000000083a00000| Untracked 
|  25|0x0000000083b00000, 0x0000000083c00000, 0x0000000083c00000|100%| O|  |TAMS 0x0000000083c00000| PB 0x0000000083b00000| Untracked 
|  26|0x0000000083c00000, 0x0000000083d00000, 0x0000000083d00000|100%| O|  |TAMS 0x0000000083d00000| PB 0x0000000083c00000| Untracked 
|  27|0x0000000083d00000, 0x0000000083e00000, 0x0000000083e00000|100%| O|  |TAMS 0x0000000083e00000| PB 0x0000000083d00000| Untracked 
|  28|0x0000000083e00000, 0x0000000083f00000, 0x0000000083f00000|100%| O|  |TAMS 0x0000000083f00000| PB 0x0000000083e00000| Untracked 
|  29|0x0000000083f00000, 0x0000000084000000, 0x0000000084000000|100%| O|  |TAMS 0x0000000084000000| PB 0x0000000083f00000| Untracked 
|  30|0x0000000084000000, 0x0000000084100000, 0x0000000084100000|100%| O|  |TAMS 0x0000000084100000| PB 0x0000000084000000| Untracked 
|  31|0x0000000084100000, 0x0000000084200000, 0x0000000084200000|100%| O|  |TAMS 0x0000000084200000| PB 0x0000000084100000| Untracked 
|  32|0x0000000084200000, 0x0000000084300000, 0x0000000084300000|100%| O|  |TAMS 0x0000000084300000| PB 0x0000000084200000| Untracked 
|  33|0x0000000084300000, 0x0000000084400000, 0x0000000084400000|100%| O|  |TAMS 0x0000000084400000| PB 0x0000000084300000| Untracked 
|  34|0x0000000084400000, 0x0000000084500000, 0x0000000084500000|100%| O|  |TAMS 0x0000000084500000| PB 0x0000000084400000| Untracked 
|  35|0x0000000084500000, 0x0000000084600000, 0x0000000084600000|100%| O|  |TAMS 0x0000000084600000| PB 0x0000000084500000| Untracked 
|  36|0x0000000084600000, 0x0000000084700000, 0x0000000084700000|100%| O|  |TAMS 0x0000000084700000| PB 0x0000000084600000| Untracked 
|  37|0x0000000084700000, 0x0000000084800000, 0x0000000084800000|100%| O|  |TAMS 0x0000000084800000| PB 0x0000000084700000| Untracked 
|  38|0x0000000084800000, 0x0000000084900000, 0x0000000084900000|100%| O|  |TAMS 0x0000000084900000| PB 0x0000000084800000| Untracked 
|  39|0x0000000084900000, 0x0000000084a00000, 0x0000000084a00000|100%| O|  |TAMS 0x0000000084a00000| PB 0x0000000084900000| Untracked 
|  40|0x0000000084a00000, 0x0000000084b00000, 0x0000000084b00000|100%| O|  |TAMS 0x0000000084b00000| PB 0x0000000084a00000| Untracked 
|  41|0x0000000084b00000, 0x0000000084c00000, 0x0000000084c00000|100%| O|  |TAMS 0x0000000084c00000| PB 0x0000000084b00000| Untracked 
|  42|0x0000000084c00000, 0x0000000084d00000, 0x0000000084d00000|100%| O|  |TAMS 0x0000000084d00000| PB 0x0000000084c00000| Untracked 
|  43|0x0000000084d00000, 0x0000000084e00000, 0x0000000084e00000|100%| O|  |TAMS 0x0000000084e00000| PB 0x0000000084d00000| Untracked 
|  44|0x0000000084e00000, 0x0000000084e00000, 0x0000000084f00000|  0%| F|  |TAMS 0x0000000084e00000| PB 0x0000000084e00000| Untracked 
|  45|0x0000000084f00000, 0x0000000085000000, 0x0000000085000000|100%| O|  |TAMS 0x0000000085000000| PB 0x0000000084f00000| Untracked 
|  46|0x0000000085000000, 0x0000000085100000, 0x0000000085100000|100%| O|  |TAMS 0x0000000085100000| PB 0x0000000085000000| Untracked 
|  47|0x0000000085100000, 0x0000000085200000, 0x0000000085200000|100%| O|  |TAMS 0x0000000085200000| PB 0x0000000085100000| Untracked 
|  48|0x0000000085200000, 0x0000000085300000, 0x0000000085300000|100%| O|  |TAMS 0x0000000085300000| PB 0x0000000085200000| Untracked 
|  49|0x0000000085300000, 0x0000000085400000, 0x0000000085400000|100%| O|  |TAMS 0x0000000085400000| PB 0x0000000085300000| Untracked 
|  50|0x0000000085400000, 0x0000000085500000, 0x0000000085500000|100%| O|  |TAMS 0x0000000085500000| PB 0x0000000085400000| Untracked 
|  51|0x0000000085500000, 0x0000000085600000, 0x0000000085600000|100%| O|  |TAMS 0x0000000085600000| PB 0x0000000085500000| Untracked 
|  52|0x0000000085600000, 0x0000000085700000, 0x0000000085700000|100%| O|  |TAMS 0x0000000085700000| PB 0x0000000085600000| Untracked 
|  53|0x0000000085700000, 0x0000000085800000, 0x0000000085800000|100%| O|  |TAMS 0x0000000085800000| PB 0x0000000085700000| Untracked 
|  54|0x0000000085800000, 0x0000000085900000, 0x0000000085900000|100%| O|  |TAMS 0x0000000085900000| PB 0x0000000085800000| Untracked 
|  55|0x0000000085900000, 0x0000000085a00000, 0x0000000085a00000|100%| O|  |TAMS 0x0000000085a00000| PB 0x0000000085900000| Untracked 
|  56|0x0000000085a00000, 0x0000000085ae2e60, 0x0000000085b00000| 88%| O|  |TAMS 0x0000000085ae2e60| PB 0x0000000085a00000| Untracked 
|  57|0x0000000085b00000, 0x0000000085b00000, 0x0000000085c00000|  0%| F|  |TAMS 0x0000000085b00000| PB 0x0000000085b00000| Untracked 
|  58|0x0000000085c00000, 0x0000000085c00000, 0x0000000085d00000|  0%| F|  |TAMS 0x0000000085c00000| PB 0x0000000085c00000| Untracked 
|  59|0x0000000085d00000, 0x0000000085d00000, 0x0000000085e00000|  0%| F|  |TAMS 0x0000000085d00000| PB 0x0000000085d00000| Untracked 
|  60|0x0000000085e00000, 0x0000000085e00000, 0x0000000085f00000|  0%| F|  |TAMS 0x0000000085e00000| PB 0x0000000085e00000| Untracked 
|  61|0x0000000085f00000, 0x0000000085fa6830, 0x0000000086000000| 65%| S|CS|TAMS 0x0000000085f00000| PB 0x0000000085f00000| Complete 
|  62|0x0000000086000000, 0x0000000086100000, 0x0000000086100000|100%| S|CS|TAMS 0x0000000086000000| PB 0x0000000086000000| Complete 
|  63|0x0000000086100000, 0x0000000086200000, 0x0000000086200000|100%| S|CS|TAMS 0x0000000086100000| PB 0x0000000086100000| Complete 
|  64|0x0000000086200000, 0x0000000086300000, 0x0000000086300000|100%| S|CS|TAMS 0x0000000086200000| PB 0x0000000086200000| Complete 
|  65|0x0000000086300000, 0x0000000086300000, 0x0000000086400000|  0%| F|  |TAMS 0x0000000086300000| PB 0x0000000086300000| Untracked 
|  66|0x0000000086400000, 0x0000000086400000, 0x0000000086500000|  0%| F|  |TAMS 0x0000000086400000| PB 0x0000000086400000| Untracked 
|  67|0x0000000086500000, 0x0000000086500000, 0x0000000086600000|  0%| F|  |TAMS 0x0000000086500000| PB 0x0000000086500000| Untracked 
|  68|0x0000000086600000, 0x0000000086600000, 0x0000000086700000|  0%| F|  |TAMS 0x0000000086600000| PB 0x0000000086600000| Untracked 
|  69|0x0000000086700000, 0x0000000086700000, 0x0000000086800000|  0%| F|  |TAMS 0x0000000086700000| PB 0x0000000086700000| Untracked 
|  70|0x0000000086800000, 0x0000000086800000, 0x0000000086900000|  0%| F|  |TAMS 0x0000000086800000| PB 0x0000000086800000| Untracked 
|  71|0x0000000086900000, 0x0000000086900000, 0x0000000086a00000|  0%| F|  |TAMS 0x0000000086900000| PB 0x0000000086900000| Untracked 
|  72|0x0000000086a00000, 0x0000000086a00000, 0x0000000086b00000|  0%| F|  |TAMS 0x0000000086a00000| PB 0x0000000086a00000| Untracked 
|  73|0x0000000086b00000, 0x0000000086b00000, 0x0000000086c00000|  0%| F|  |TAMS 0x0000000086b00000| PB 0x0000000086b00000| Untracked 
|  74|0x0000000086c00000, 0x0000000086c00000, 0x0000000086d00000|  0%| F|  |TAMS 0x0000000086c00000| PB 0x0000000086c00000| Untracked 
|  75|0x0000000086d00000, 0x0000000086d00000, 0x0000000086e00000|  0%| F|  |TAMS 0x0000000086d00000| PB 0x0000000086d00000| Untracked 
|  76|0x0000000086e00000, 0x0000000086e00000, 0x0000000086f00000|  0%| F|  |TAMS 0x0000000086e00000| PB 0x0000000086e00000| Untracked 
|  77|0x0000000086f00000, 0x0000000086f00000, 0x0000000087000000|  0%| F|  |TAMS 0x0000000086f00000| PB 0x0000000086f00000| Untracked 
|  78|0x0000000087000000, 0x0000000087000000, 0x0000000087100000|  0%| F|  |TAMS 0x0000000087000000| PB 0x0000000087000000| Untracked 
|  79|0x0000000087100000, 0x0000000087100000, 0x0000000087200000|  0%| F|  |TAMS 0x0000000087100000| PB 0x0000000087100000| Untracked 
|  80|0x0000000087200000, 0x0000000087200000, 0x0000000087300000|  0%| F|  |TAMS 0x0000000087200000| PB 0x0000000087200000| Untracked 
|  81|0x0000000087300000, 0x0000000087300000, 0x0000000087400000|  0%| F|  |TAMS 0x0000000087300000| PB 0x0000000087300000| Untracked 
|  82|0x0000000087400000, 0x0000000087400000, 0x0000000087500000|  0%| F|  |TAMS 0x0000000087400000| PB 0x0000000087400000| Untracked 
|  83|0x0000000087500000, 0x0000000087500000, 0x0000000087600000|  0%| F|  |TAMS 0x0000000087500000| PB 0x0000000087500000| Untracked 
|  84|0x0000000087600000, 0x0000000087600000, 0x0000000087700000|  0%| F|  |TAMS 0x0000000087600000| PB 0x0000000087600000| Untracked 
|  85|0x0000000087700000, 0x0000000087700000, 0x0000000087800000|  0%| F|  |TAMS 0x0000000087700000| PB 0x0000000087700000| Untracked 
|  86|0x0000000087800000, 0x0000000087800000, 0x0000000087900000|  0%| F|  |TAMS 0x0000000087800000| PB 0x0000000087800000| Untracked 
|  87|0x0000000087900000, 0x0000000087900000, 0x0000000087a00000|  0%| F|  |TAMS 0x0000000087900000| PB 0x0000000087900000| Untracked 
|  88|0x0000000087a00000, 0x0000000087a00000, 0x0000000087b00000|  0%| F|  |TAMS 0x0000000087a00000| PB 0x0000000087a00000| Untracked 
|  89|0x0000000087b00000, 0x0000000087b00000, 0x0000000087c00000|  0%| F|  |TAMS 0x0000000087b00000| PB 0x0000000087b00000| Untracked 
|  90|0x0000000087c00000, 0x0000000087c00000, 0x0000000087d00000|  0%| F|  |TAMS 0x0000000087c00000| PB 0x0000000087c00000| Untracked 
|  91|0x0000000087d00000, 0x0000000087d00000, 0x0000000087e00000|  0%| F|  |TAMS 0x0000000087d00000| PB 0x0000000087d00000| Untracked 
|  92|0x0000000087e00000, 0x0000000087e00000, 0x0000000087f00000|  0%| F|  |TAMS 0x0000000087e00000| PB 0x0000000087e00000| Untracked 
|  93|0x0000000087f00000, 0x0000000087f00000, 0x0000000088000000|  0%| F|  |TAMS 0x0000000087f00000| PB 0x0000000087f00000| Untracked 
|  94|0x0000000088000000, 0x0000000088000000, 0x0000000088100000|  0%| F|  |TAMS 0x0000000088000000| PB 0x0000000088000000| Untracked 
|  95|0x0000000088100000, 0x0000000088100000, 0x0000000088200000|  0%| F|  |TAMS 0x0000000088100000| PB 0x0000000088100000| Untracked 
|  96|0x0000000088200000, 0x0000000088200000, 0x0000000088300000|  0%| F|  |TAMS 0x0000000088200000| PB 0x0000000088200000| Untracked 
|  97|0x0000000088300000, 0x0000000088300000, 0x0000000088400000|  0%| F|  |TAMS 0x0000000088300000| PB 0x0000000088300000| Untracked 
|  98|0x0000000088400000, 0x0000000088400000, 0x0000000088500000|  0%| F|  |TAMS 0x0000000088400000| PB 0x0000000088400000| Untracked 
|  99|0x0000000088500000, 0x0000000088500000, 0x0000000088600000|  0%| F|  |TAMS 0x0000000088500000| PB 0x0000000088500000| Untracked 
| 100|0x0000000088600000, 0x0000000088600000, 0x0000000088700000|  0%| F|  |TAMS 0x0000000088600000| PB 0x0000000088600000| Untracked 
| 101|0x0000000088700000, 0x0000000088700000, 0x0000000088800000|  0%| F|  |TAMS 0x0000000088700000| PB 0x0000000088700000| Untracked 
| 102|0x0000000088800000, 0x0000000088800000, 0x0000000088900000|  0%| F|  |TAMS 0x0000000088800000| PB 0x0000000088800000| Untracked 
| 103|0x0000000088900000, 0x0000000088900000, 0x0000000088a00000|  0%| F|  |TAMS 0x0000000088900000| PB 0x0000000088900000| Untracked 
| 104|0x0000000088a00000, 0x0000000088a00000, 0x0000000088b00000|  0%| F|  |TAMS 0x0000000088a00000| PB 0x0000000088a00000| Untracked 
| 105|0x0000000088b00000, 0x0000000088b00000, 0x0000000088c00000|  0%| F|  |TAMS 0x0000000088b00000| PB 0x0000000088b00000| Untracked 
| 106|0x0000000088c00000, 0x0000000088c00000, 0x0000000088d00000|  0%| F|  |TAMS 0x0000000088c00000| PB 0x0000000088c00000| Untracked 
| 107|0x0000000088d00000, 0x0000000088d00000, 0x0000000088e00000|  0%| F|  |TAMS 0x0000000088d00000| PB 0x0000000088d00000| Untracked 
| 108|0x0000000088e00000, 0x0000000088e00000, 0x0000000088f00000|  0%| F|  |TAMS 0x0000000088e00000| PB 0x0000000088e00000| Untracked 
| 109|0x0000000088f00000, 0x0000000088f00000, 0x0000000089000000|  0%| F|  |TAMS 0x0000000088f00000| PB 0x0000000088f00000| Untracked 
| 110|0x0000000089000000, 0x0000000089000000, 0x0000000089100000|  0%| F|  |TAMS 0x0000000089000000| PB 0x0000000089000000| Untracked 
| 111|0x0000000089100000, 0x0000000089100000, 0x0000000089200000|  0%| F|  |TAMS 0x0000000089100000| PB 0x0000000089100000| Untracked 
| 112|0x0000000089200000, 0x0000000089200000, 0x0000000089300000|  0%| F|  |TAMS 0x0000000089200000| PB 0x0000000089200000| Untracked 
| 113|0x0000000089300000, 0x0000000089300000, 0x0000000089400000|  0%| F|  |TAMS 0x0000000089300000| PB 0x0000000089300000| Untracked 
| 114|0x0000000089400000, 0x0000000089400000, 0x0000000089500000|  0%| F|  |TAMS 0x0000000089400000| PB 0x0000000089400000| Untracked 
| 115|0x0000000089500000, 0x0000000089500000, 0x0000000089600000|  0%| F|  |TAMS 0x0000000089500000| PB 0x0000000089500000| Untracked 
| 116|0x0000000089600000, 0x0000000089600000, 0x0000000089700000|  0%| F|  |TAMS 0x0000000089600000| PB 0x0000000089600000| Untracked 
| 117|0x0000000089700000, 0x0000000089700000, 0x0000000089800000|  0%| F|  |TAMS 0x0000000089700000| PB 0x0000000089700000| Untracked 
| 118|0x0000000089800000, 0x0000000089800000, 0x0000000089900000|  0%| F|  |TAMS 0x0000000089800000| PB 0x0000000089800000| Untracked 
| 119|0x0000000089900000, 0x0000000089900000, 0x0000000089a00000|  0%| F|  |TAMS 0x0000000089900000| PB 0x0000000089900000| Untracked 
| 120|0x0000000089a00000, 0x0000000089a00000, 0x0000000089b00000|  0%| F|  |TAMS 0x0000000089a00000| PB 0x0000000089a00000| Untracked 
| 121|0x0000000089b00000, 0x0000000089b00000, 0x0000000089c00000|  0%| F|  |TAMS 0x0000000089b00000| PB 0x0000000089b00000| Untracked 
| 122|0x0000000089c00000, 0x0000000089c00000, 0x0000000089d00000|  0%| F|  |TAMS 0x0000000089c00000| PB 0x0000000089c00000| Untracked 
| 123|0x0000000089d00000, 0x0000000089d00000, 0x0000000089e00000|  0%| F|  |TAMS 0x0000000089d00000| PB 0x0000000089d00000| Untracked 
| 124|0x0000000089e00000, 0x0000000089e00000, 0x0000000089f00000|  0%| F|  |TAMS 0x0000000089e00000| PB 0x0000000089e00000| Untracked 
| 125|0x0000000089f00000, 0x0000000089f00000, 0x000000008a000000|  0%| F|  |TAMS 0x0000000089f00000| PB 0x0000000089f00000| Untracked 
|2013|0x00000000fff00000, 0x0000000100000000, 0x0000000100000000|100%| O|  |TAMS 0x0000000100000000| PB 0x00000000fff00000| Untracked 

Card table byte_map: [0x0000022af9d20000,0x0000022afa110000] _byte_map_base: 0x0000022af990f000

Marking Bits: (CMBitMap*) 0x0000022af2ee5ea0
 Bits: [0x0000022afa110000, 0x0000022afc088000)

Polling page: 0x0000022af2650000

Metaspace:

Usage:
  Non-class:     66.91 MB used.
      Class:     11.59 MB used.
       Both:     78.49 MB used.

Virtual space:
  Non-class space:      128.00 MB reserved,      67.38 MB ( 53%) committed,  2 nodes.
      Class space:        1.00 GB reserved,      11.94 MB (  1%) committed,  1 nodes.
             Both:        1.12 GB reserved,      79.31 MB (  7%) committed. 

Chunk freelists:
   Non-Class:  12.61 MB
       Class:  3.89 MB
        Both:  16.50 MB

MaxMetaspaceSize: unlimited
CompressedClassSpaceSize: 1.00 GB
Initial GC threshold: 21.00 MB
Current GC threshold: 127.19 MB
CDS: on
 - commit_granule_bytes: 65536.
 - commit_granule_words: 8192.
 - virtual_space_node_default_size: 8388608.
 - enlarge_chunks_in_place: 1.
 - use_allocation_guard: 0.


Internal statistics:

num_allocs_failed_limit: 9.
num_arena_births: 1244.
num_arena_deaths: 0.
num_vsnodes_births: 3.
num_vsnodes_deaths: 0.
num_space_committed: 1269.
num_space_uncommitted: 0.
num_chunks_returned_to_freelist: 9.
num_chunks_taken_from_freelist: 4213.
num_chunk_merges: 9.
num_chunk_splits: 3078.
num_chunks_enlarged: 2378.
num_inconsistent_stats: 0.

CodeCache: size=49152Kb used=14339Kb max_used=14339Kb free=34812Kb
 bounds [0x0000022af6820000, 0x0000022af7630000, 0x0000022af9820000]
 total_blobs=8360 nmethods=7643 adapters=638
 compilation: enabled
              stopped_count=0, restarted_count=0
 full_count=0

Compilation events (20 events):
Event: 8.470 Thread 0x0000022aff1e9aa0 8378       1       org.springframework.util.Assert::isInstanceOf (21 bytes)
Event: 8.471 Thread 0x0000022afeb52660 nmethod 8375 0x0000022af7624d10 code [0x0000022af7624ee0, 0x0000022af7625288]
Event: 8.471 Thread 0x0000022afeb12840 nmethod 8377 0x0000022af7625410 code [0x0000022af7625620, 0x0000022af7625b48]
Event: 8.471 Thread 0x0000022aff1e9aa0 nmethod 8378 0x0000022af7625d90 code [0x0000022af7625f40, 0x0000022af76260f0]
Event: 8.471 Thread 0x0000022aff1e9aa0 8379   !   1       org.springframework.beans.factory.support.RootBeanDefinition::markAsPostProcessed (23 bytes)
Event: 8.471 Thread 0x0000022aff1e9aa0 nmethod 8379 0x0000022af7626210 code [0x0000022af76263a0, 0x0000022af7626558]
Event: 8.471 Thread 0x0000022aff1e9aa0 8380       1       org.springframework.transaction.interceptor.TransactionAttributeSourcePointcut$TransactionAttributeSourceClassFilter::matches (61 bytes)
Event: 8.471 Thread 0x0000022afeb52660 8381       1       org.springframework.beans.factory.support.DefaultSingletonBeanRegistry$$Lambda/0x0000022a81288e58::<init> (10 bytes)
Event: 8.472 Thread 0x0000022aff1e9aa0 nmethod 8380 0x0000022af7626610 code [0x0000022af76267e0, 0x0000022af7626a00]
Event: 8.472 Thread 0x0000022afeb52660 nmethod 8381 0x0000022af6d71a90 code [0x0000022af6d71c20, 0x0000022af6d71d30]
Event: 8.479 Thread 0x0000022afeb52660 8382       1       org.springframework.core.annotation.MissingMergedAnnotation::getDistance (2 bytes)
Event: 8.479 Thread 0x0000022aff1e9aa0 8383       1       org.springframework.core.MethodParameter::getParameterType (48 bytes)
Event: 8.479 Thread 0x0000022afeb52660 nmethod 8382 0x0000022af6d72710 code [0x0000022af6d728a0, 0x0000022af6d72968]
Event: 8.479 Thread 0x0000022afeb52660 8384       1       org.springframework.beans.factory.InjectionPoint::<init> (16 bytes)
Event: 8.479 Thread 0x0000022afeb12840 8385       1       org.springframework.beans.factory.support.DefaultListableBeanFactory::resolveDependency (121 bytes)
Event: 8.480 Thread 0x0000022aff1e9aa0 nmethod 8383 0x0000022af7626b90 code [0x0000022af7626d80, 0x0000022af7626fe0]
Event: 8.480 Thread 0x0000022afeb52660 nmethod 8384 0x0000022af7627110 code [0x0000022af76272c0, 0x0000022af7627488]
Event: 8.480 Thread 0x0000022aff1e9aa0 8386       1       org.springframework.beans.factory.config.DependencyDescriptor::initParameterNameDiscovery (16 bytes)
Event: 8.480 Thread 0x0000022aff1e9aa0 nmethod 8386 0x0000022af6e31910 code [0x0000022af6e31aa0, 0x0000022af6e31bd0]
Event: 8.480 Thread 0x0000022afeb12840 nmethod 8385 0x0000022af7627590 code [0x0000022af7627800, 0x0000022af7627db0]

GC Heap History (20 events):
Event: 5.498 GC heap after
{Heap after GC invocations=16 (full 0):
 garbage-first heap   total 79872K, used 35001K [0x0000000082200000, 0x0000000100000000)
  region size 1024K, 2 young (2048K), 2 survivors (2048K)
 Metaspace       used 59615K, committed 60288K, reserved 1114112K
  class space    used 8449K, committed 8768K, reserved 1048576K
}
Event: 6.180 GC heap before
{Heap before GC invocations=17 (full 0):
 garbage-first heap   total 79872K, used 71865K [0x0000000082200000, 0x0000000100000000)
  region size 1024K, 38 young (38912K), 2 survivors (2048K)
 Metaspace       used 64659K, committed 65408K, reserved 1114112K
  class space    used 9235K, committed 9600K, reserved 1048576K
}
Event: 6.185 GC heap after
{Heap after GC invocations=18 (full 0):
 garbage-first heap   total 79872K, used 37295K [0x0000000082200000, 0x0000000100000000)
  region size 1024K, 4 young (4096K), 4 survivors (4096K)
 Metaspace       used 64659K, committed 65408K, reserved 1114112K
  class space    used 9235K, committed 9600K, reserved 1048576K
}
Event: 6.656 GC heap before
{Heap before GC invocations=18 (full 0):
 garbage-first heap   total 79872K, used 70063K [0x0000000082200000, 0x0000000100000000)
  region size 1024K, 36 young (36864K), 4 survivors (4096K)
 Metaspace       used 69147K, committed 69952K, reserved 1114112K
  class space    used 9994K, committed 10368K, reserved 1048576K
}
Event: 6.663 GC heap after
{Heap after GC invocations=19 (full 0):
 garbage-first heap   total 79872K, used 38897K [0x0000000082200000, 0x0000000100000000)
  region size 1024K, 5 young (5120K), 5 survivors (5120K)
 Metaspace       used 69147K, committed 69952K, reserved 1114112K
  class space    used 9994K, committed 10368K, reserved 1048576K
}
Event: 6.906 GC heap before
{Heap before GC invocations=19 (full 0):
 garbage-first heap   total 79872K, used 67569K [0x0000000082200000, 0x0000000100000000)
  region size 1024K, 34 young (34816K), 5 survivors (5120K)
 Metaspace       used 70955K, committed 71680K, reserved 1114112K
  class space    used 10372K, committed 10688K, reserved 1048576K
}
Event: 6.912 GC heap after
{Heap after GC invocations=20 (full 0):
 garbage-first heap   total 79872K, used 43629K [0x0000000082200000, 0x0000000100000000)
  region size 1024K, 5 young (5120K), 5 survivors (5120K)
 Metaspace       used 70955K, committed 71680K, reserved 1114112K
  class space    used 10372K, committed 10688K, reserved 1048576K
}
Event: 6.955 GC heap before
{Heap before GC invocations=20 (full 0):
 garbage-first heap   total 79872K, used 69229K [0x0000000082200000, 0x0000000100000000)
  region size 1024K, 30 young (30720K), 5 survivors (5120K)
 Metaspace       used 70961K, committed 71744K, reserved 1114112K
  class space    used 10372K, committed 10688K, reserved 1048576K
}
Event: 6.960 GC heap after
{Heap after GC invocations=21 (full 0):
 garbage-first heap   total 79872K, used 45076K [0x0000000082200000, 0x0000000100000000)
  region size 1024K, 2 young (2048K), 2 survivors (2048K)
 Metaspace       used 70961K, committed 71744K, reserved 1114112K
  class space    used 10372K, committed 10688K, reserved 1048576K
}
Event: 7.341 GC heap before
{Heap before GC invocations=22 (full 0):
 garbage-first heap   total 79872K, used 70676K [0x0000000082200000, 0x0000000100000000)
  region size 1024K, 27 young (27648K), 2 survivors (2048K)
 Metaspace       used 75330K, committed 76096K, reserved 1114112K
  class space    used 11044K, committed 11392K, reserved 1048576K
}
Event: 7.344 GC heap after
{Heap after GC invocations=23 (full 0):
 garbage-first heap   total 96256K, used 45451K [0x0000000082200000, 0x0000000100000000)
  region size 1024K, 2 young (2048K), 2 survivors (2048K)
 Metaspace       used 75330K, committed 76096K, reserved 1114112K
  class space    used 11044K, committed 11392K, reserved 1048576K
}
Event: 7.718 GC heap before
{Heap before GC invocations=23 (full 0):
 garbage-first heap   total 96256K, used 84363K [0x0000000082200000, 0x0000000100000000)
  region size 1024K, 41 young (41984K), 2 survivors (2048K)
 Metaspace       used 77358K, committed 78144K, reserved 1179648K
  class space    used 11444K, committed 11776K, reserved 1048576K
}
Event: 7.722 GC heap after
{Heap after GC invocations=24 (full 0):
 garbage-first heap   total 96256K, used 46934K [0x0000000082200000, 0x0000000100000000)
  region size 1024K, 4 young (4096K), 4 survivors (4096K)
 Metaspace       used 77358K, committed 78144K, reserved 1179648K
  class space    used 11444K, committed 11776K, reserved 1048576K
}
Event: 7.801 GC heap before
{Heap before GC invocations=24 (full 0):
 garbage-first heap   total 96256K, used 84822K [0x0000000082200000, 0x0000000100000000)
  region size 1024K, 41 young (41984K), 4 survivors (4096K)
 Metaspace       used 77358K, committed 78144K, reserved 1179648K
  class space    used 11444K, committed 11776K, reserved 1048576K
}
Event: 7.807 GC heap after
{Heap after GC invocations=25 (full 0):
 garbage-first heap   total 96256K, used 50687K [0x0000000082200000, 0x0000000100000000)
  region size 1024K, 6 young (6144K), 6 survivors (6144K)
 Metaspace       used 77358K, committed 78144K, reserved 1179648K
  class space    used 11444K, committed 11776K, reserved 1048576K
}
Event: 7.880 GC heap before
{Heap before GC invocations=26 (full 0):
 garbage-first heap   total 96256K, used 83455K [0x0000000082200000, 0x0000000100000000)
  region size 1024K, 38 young (38912K), 6 survivors (6144K)
 Metaspace       used 77358K, committed 78144K, reserved 1179648K
  class space    used 11444K, committed 11776K, reserved 1048576K
}
Event: 7.889 GC heap after
{Heap after GC invocations=27 (full 0):
 garbage-first heap   total 97280K, used 58196K [0x0000000082200000, 0x0000000100000000)
  region size 1024K, 5 young (5120K), 5 survivors (5120K)
 Metaspace       used 77358K, committed 78144K, reserved 1179648K
  class space    used 11444K, committed 11776K, reserved 1048576K
}
Event: 8.123 GC heap before
{Heap before GC invocations=27 (full 0):
 garbage-first heap   total 97280K, used 85844K [0x0000000082200000, 0x0000000100000000)
  region size 1024K, 32 young (32768K), 5 survivors (5120K)
 Metaspace       used 78018K, committed 78848K, reserved 1179648K
  class space    used 11539K, committed 11904K, reserved 1048576K
}
Event: 8.128 GC heap after
{Heap after GC invocations=28 (full 0):
 garbage-first heap   total 97280K, used 59779K [0x0000000082200000, 0x0000000100000000)
  region size 1024K, 2 young (2048K), 2 survivors (2048K)
 Metaspace       used 78018K, committed 78848K, reserved 1179648K
  class space    used 11539K, committed 11904K, reserved 1048576K
}
Event: 8.492 GC heap before
{Heap before GC invocations=28 (full 0):
 garbage-first heap   total 97280K, used 87427K [0x0000000082200000, 0x0000000100000000)
  region size 1024K, 29 young (29696K), 2 survivors (2048K)
 Metaspace       used 80377K, committed 81216K, reserved 1179648K
  class space    used 11863K, committed 12224K, reserved 1048576K
}

Dll operation events (11 events):
Event: 0.008 Loaded shared library C:\Program Files\sts-4.30.0.RELEASE\plugins\org.eclipse.justj.openjdk.hotspot.jre.full.win32.x86_64_21.0.6.v20250130-0529\jre\bin\java.dll
Event: 0.042 Loaded shared library C:\Program Files\sts-4.30.0.RELEASE\plugins\org.eclipse.justj.openjdk.hotspot.jre.full.win32.x86_64_21.0.6.v20250130-0529\jre\bin\zip.dll
Event: 0.124 Loaded shared library C:\Program Files\sts-4.30.0.RELEASE\plugins\org.eclipse.justj.openjdk.hotspot.jre.full.win32.x86_64_21.0.6.v20250130-0529\jre\bin\jimage.dll
Event: 0.129 Loaded shared library C:\Program Files\sts-4.30.0.RELEASE\plugins\org.eclipse.justj.openjdk.hotspot.jre.full.win32.x86_64_21.0.6.v20250130-0529\jre\bin\net.dll
Event: 0.130 Loaded shared library C:\Program Files\sts-4.30.0.RELEASE\plugins\org.eclipse.justj.openjdk.hotspot.jre.full.win32.x86_64_21.0.6.v20250130-0529\jre\bin\nio.dll
Event: 0.133 Loaded shared library C:\Program Files\sts-4.30.0.RELEASE\plugins\org.eclipse.justj.openjdk.hotspot.jre.full.win32.x86_64_21.0.6.v20250130-0529\jre\bin\zip.dll
Event: 0.197 Loaded shared library C:\Program Files\sts-4.30.0.RELEASE\plugins\org.eclipse.justj.openjdk.hotspot.jre.full.win32.x86_64_21.0.6.v20250130-0529\jre\bin\management.dll
Event: 0.210 Loaded shared library C:\Program Files\sts-4.30.0.RELEASE\plugins\org.eclipse.justj.openjdk.hotspot.jre.full.win32.x86_64_21.0.6.v20250130-0529\jre\bin\management_ext.dll
Event: 0.441 Loaded shared library C:\Program Files\sts-4.30.0.RELEASE\plugins\org.eclipse.justj.openjdk.hotspot.jre.full.win32.x86_64_21.0.6.v20250130-0529\jre\bin\extnet.dll
Event: 1.601 Loaded shared library C:\Program Files\sts-4.30.0.RELEASE\plugins\org.eclipse.justj.openjdk.hotspot.jre.full.win32.x86_64_21.0.6.v20250130-0529\jre\bin\sunmscapi.dll
Event: 4.127 Loaded shared library C:\Program Files\sts-4.30.0.RELEASE\plugins\org.eclipse.justj.openjdk.hotspot.jre.full.win32.x86_64_21.0.6.v20250130-0529\jre\bin\verify.dll

Deoptimization events (0 events):
No events

Classes loaded (20 events):
Event: 7.640 Loading class java/util/WeakHashMap$KeyIterator
Event: 7.640 Loading class java/util/WeakHashMap$KeyIterator done
Event: 8.164 Loading class java/time/DurationEditor
Event: 8.164 Loading class java/time/DurationEditor done
Event: 8.207 Loading class java/util/Collections$SynchronizedRandomAccessList
Event: 8.207 Loading class java/util/Collections$SynchronizedList
Event: 8.207 Loading class java/util/Collections$SynchronizedList done
Event: 8.207 Loading class java/util/Collections$SynchronizedRandomAccessList done
Event: 8.290 Loading class java/util/Comparators$NullComparator
Event: 8.290 Loading class java/util/Comparators$NullComparator done
Event: 8.348 Loading class sun/reflect/annotation/TypeAnnotation$TypeAnnotationTargetInfo
Event: 8.348 Loading class sun/reflect/annotation/TypeAnnotation$TypeAnnotationTargetInfo done
Event: 8.358 Loading class java/util/AbstractList$SubList$1
Event: 8.358 Loading class java/util/AbstractList$SubList$1 done
Event: 8.445 Loading class java/util/EnumMap$EntrySet
Event: 8.445 Loading class java/util/EnumMap$EntrySet done
Event: 8.445 Loading class java/util/EnumMap$EntryIterator
Event: 8.445 Loading class java/util/EnumMap$EnumMapIterator
Event: 8.445 Loading class java/util/EnumMap$EnumMapIterator done
Event: 8.445 Loading class java/util/EnumMap$EntryIterator done

Classes unloaded (0 events):
No events

Classes redefined (0 events):
No events

Internal exceptions (20 events):
Event: 6.053 Thread 0x0000022aff7071c0 Exception <a 'java/lang/NoSuchMethodError'{0x00000000851b9520}: 'java.lang.Object java.lang.invoke.DirectMethodHandle$Holder.invokeSpecial(java.lang.Object, java.lang.Object, int, java.lang.Object, int)'> (0x00000000851b9520) 
thrown [s\src\hotspot\share\interpreter\linkResolver.cpp, line 773]
Event: 6.201 Thread 0x0000022aff7071c0 Exception <a 'java/lang/IncompatibleClassChangeError'{0x0000000087263c58}: Found class java.lang.Object, but interface was expected> (0x0000000087263c58) 
thrown [s\src\hotspot\share\interpreter\linkResolver.cpp, line 840]
Event: 6.230 Thread 0x0000022aff7071c0 Exception <a 'java/lang/IncompatibleClassChangeError'{0x00000000870685b0}: Found class java.lang.Object, but interface was expected> (0x00000000870685b0) 
thrown [s\src\hotspot\share\interpreter\linkResolver.cpp, line 840]
Event: 6.299 Thread 0x0000022aff7071c0 Exception <a 'java/lang/IncompatibleClassChangeError'{0x0000000086710c38}: Found class java.lang.Object, but interface was expected> (0x0000000086710c38) 
thrown [s\src\hotspot\share\interpreter\linkResolver.cpp, line 840]
Event: 7.089 Thread 0x0000022aff7071c0 Exception <a 'java/lang/IncompatibleClassChangeError'{0x00000000864b3970}: Found class java.lang.Object, but interface was expected> (0x00000000864b3970) 
thrown [s\src\hotspot\share\interpreter\linkResolver.cpp, line 840]
Event: 7.122 Thread 0x0000022aff7071c0 Exception <a 'java/lang/NoSuchMethodError'{0x0000000086144d50}: 'int java.lang.invoke.DirectMethodHandle$Holder.invokeStaticInit(java.lang.Object, int, java.lang.Object, java.lang.Object, java.lang.Object, java.lang.Object)'> (0x0000000086144d50) 
thrown [s\src\hotspot\share\interpreter\linkResolver.cpp, line 773]
Event: 7.563 Thread 0x0000022aff7071c0 Exception <a 'java/lang/NoSuchMethodError'{0x0000000087303bd8}: 'java.lang.Object java.lang.invoke.DirectMethodHandle$Holder.invokeVirtual(java.lang.Object, java.lang.Object, int)'> (0x0000000087303bd8) 
thrown [s\src\hotspot\share\interpreter\linkResolver.cpp, line 773]
Event: 7.563 Thread 0x0000022aff7071c0 Exception <a 'java/lang/IllegalArgumentException'{0x000000008730dda8}: Wrong type at constant pool index> (0x000000008730dda8) 
thrown [s\src\hotspot\share\prims\jvm.cpp, line 2168]
Event: 7.563 Thread 0x0000022aff7071c0 Exception <a 'java/lang/IllegalArgumentException'{0x000000008730ee80}: Wrong type at constant pool index> (0x000000008730ee80) 
thrown [s\src\hotspot\share\prims\jvm.cpp, line 2168]
Event: 7.575 Thread 0x0000022aff7071c0 Exception <a 'java/lang/IllegalArgumentException'{0x00000000872216a8}: Wrong type at constant pool index> (0x00000000872216a8) 
thrown [s\src\hotspot\share\prims\jvm.cpp, line 2168]
Event: 7.575 Thread 0x0000022aff7071c0 Exception <a 'java/lang/IllegalArgumentException'{0x0000000087222780}: Wrong type at constant pool index> (0x0000000087222780) 
thrown [s\src\hotspot\share\prims\jvm.cpp, line 2168]
Event: 7.585 Thread 0x0000022aff7071c0 Exception <a 'java/lang/IllegalArgumentException'{0x0000000087130918}: Wrong type at constant pool index> (0x0000000087130918) 
thrown [s\src\hotspot\share\prims\jvm.cpp, line 2168]
Event: 7.585 Thread 0x0000022aff7071c0 Exception <a 'java/lang/IllegalArgumentException'{0x00000000871319f0}: Wrong type at constant pool index> (0x00000000871319f0) 
thrown [s\src\hotspot\share\prims\jvm.cpp, line 2168]
Event: 7.595 Thread 0x0000022aff7071c0 Exception <a 'java/lang/IllegalArgumentException'{0x00000000870400f8}: Wrong type at constant pool index> (0x00000000870400f8) 
thrown [s\src\hotspot\share\prims\jvm.cpp, line 2168]
Event: 7.595 Thread 0x0000022aff7071c0 Exception <a 'java/lang/IllegalArgumentException'{0x00000000870411d0}: Wrong type at constant pool index> (0x00000000870411d0) 
thrown [s\src\hotspot\share\prims\jvm.cpp, line 2168]
Event: 7.979 Thread 0x0000022aff7071c0 Exception <a 'java/io/FileNotFoundException'{0x0000000087444510}> (0x0000000087444510) 
thrown [s\src\hotspot\share\prims\jni.cpp, line 520]
Event: 7.979 Thread 0x0000022aff7071c0 Exception <a 'java/io/FileNotFoundException'{0x000000008744e7a8}> (0x000000008744e7a8) 
thrown [s\src\hotspot\share\prims\jni.cpp, line 520]
Event: 8.087 Thread 0x0000022aff7071c0 Exception <a 'java/lang/NoSuchMethodError'{0x00000000868ba3a0}: 'java.lang.Object java.lang.invoke.DirectMethodHandle$Holder.newInvokeSpecial(java.lang.Object, java.lang.Object, java.lang.Object, java.lang.Object, java.lang.Object, java.lang.Object, java.lang.Object, java.lang.Object, java.lang.Object)'> (0x00000000868ba3a0) 
thrown [s\src\hotspot\share\interpreter\linkResolver.cpp, line 773]
Event: 8.175 Thread 0x0000022aff7071c0 Exception <a 'java/lang/NoSuchMethodError'{0x0000000087cba6c8}: 'java.lang.Object java.lang.invoke.DirectMethodHandle$Holder.newInvokeSpecial(java.lang.Object, java.lang.Object, java.lang.Object, java.lang.Object, java.lang.Object, java.lang.Object, java.lang.Object, java.lang.Object)'> (0x0000000087cba6c8) 
thrown [s\src\hotspot\share\interpreter\linkResolver.cpp, line 773]
Event: 8.475 Thread 0x0000022aff7071c0 Exception <a 'java/lang/IncompatibleClassChangeError'{0x00000000866f9060}: Found class java.lang.Object, but interface was expected> (0x00000000866f9060) 
thrown [s\src\hotspot\share\interpreter\linkResolver.cpp, line 840]

ZGC Phase Switch (0 events):
No events

VM Operations (20 events):
Event: 7.579 Executing VM operation: ICBufferFull done
Event: 7.718 Executing VM operation: G1CollectForAllocation (G1 Evacuation Pause)
Event: 7.722 Executing VM operation: G1CollectForAllocation (G1 Evacuation Pause) done
Event: 7.801 Executing VM operation: G1CollectForAllocation (G1 Evacuation Pause)
Event: 7.807 Executing VM operation: G1CollectForAllocation (G1 Evacuation Pause) done
Event: 7.842 Executing VM operation: G1PauseRemark
Event: 7.849 Executing VM operation: G1PauseRemark done
Event: 7.862 Executing VM operation: G1PauseCleanup
Event: 7.862 Executing VM operation: G1PauseCleanup done
Event: 7.880 Executing VM operation: G1CollectForAllocation (G1 Evacuation Pause)
Event: 7.889 Executing VM operation: G1CollectForAllocation (G1 Evacuation Pause) done
Event: 8.123 Executing VM operation: G1CollectForAllocation (G1 Evacuation Pause)
Event: 8.128 Executing VM operation: G1CollectForAllocation (G1 Evacuation Pause) done
Event: 8.329 Executing VM operation: HandshakeAllThreads (Deoptimize)
Event: 8.329 Executing VM operation: HandshakeAllThreads (Deoptimize) done
Event: 8.330 Executing VM operation: HandshakeAllThreads (Deoptimize)
Event: 8.330 Executing VM operation: HandshakeAllThreads (Deoptimize) done
Event: 8.488 Executing VM operation: HandshakeAllThreads (Deoptimize)
Event: 8.488 Executing VM operation: HandshakeAllThreads (Deoptimize) done
Event: 8.491 Executing VM operation: G1CollectForAllocation (G1 Evacuation Pause)

Memory protections (0 events):
No events

Nmethod flushes (20 events):
Event: 7.848 Thread 0x0000022afeb21990 flushing  nmethod 0x0000022af6e68390
Event: 7.848 Thread 0x0000022afeb21990 flushing  nmethod 0x0000022af6e69210
Event: 7.848 Thread 0x0000022afeb21990 flushing  nmethod 0x0000022af6e69510
Event: 7.848 Thread 0x0000022afeb21990 flushing  nmethod 0x0000022af6e69810
Event: 7.848 Thread 0x0000022afeb21990 flushing  nmethod 0x0000022af6e6ac10
Event: 7.848 Thread 0x0000022afeb21990 flushing  nmethod 0x0000022af6e6af10
Event: 7.848 Thread 0x0000022afeb21990 flushing  nmethod 0x0000022af6e6bd10
Event: 7.848 Thread 0x0000022afeb21990 flushing  nmethod 0x0000022af6e74290
Event: 7.848 Thread 0x0000022afeb21990 flushing  nmethod 0x0000022af6e7ab10
Event: 7.848 Thread 0x0000022afeb21990 flushing  nmethod 0x0000022af6e86d10
Event: 7.848 Thread 0x0000022afeb21990 flushing  nmethod 0x0000022af6e87510
Event: 7.848 Thread 0x0000022afeb21990 flushing  nmethod 0x0000022af6e88210
Event: 7.848 Thread 0x0000022afeb21990 flushing  nmethod 0x0000022af6e9f510
Event: 7.848 Thread 0x0000022afeb21990 flushing  nmethod 0x0000022af6ea0e90
Event: 7.848 Thread 0x0000022afeb21990 flushing  nmethod 0x0000022af6ea3290
Event: 7.848 Thread 0x0000022afeb21990 flushing  nmethod 0x0000022af6ea4690
Event: 7.848 Thread 0x0000022afeb21990 flushing  nmethod 0x0000022af6ea4c10
Event: 7.848 Thread 0x0000022afeb21990 flushing  nmethod 0x0000022af6eb7810
Event: 7.848 Thread 0x0000022afeb21990 flushing  nmethod 0x0000022af73ac910
Event: 7.848 Thread 0x0000022afeb21990 flushing  nmethod 0x0000022af73acc90

Events (20 events):
Event: 0.322 Thread 0x0000022afeb52660 Thread added: 0x0000022aff1e9aa0
Event: 0.444 Thread 0x0000022af0b425c0 Thread added: 0x0000022aff1acb40
Event: 0.457 Thread 0x0000022af0b425c0 Thread added: 0x0000022aff198d30
Event: 0.475 Thread 0x0000022aff198d30 Thread added: 0x0000022aff3e2e80
Event: 0.476 Thread 0x0000022af0b425c0 Thread added: 0x0000022aff3e34e0
Event: 0.489 Thread 0x0000022aff3e2e80 Thread added: 0x0000022aff3fd740
Event: 0.491 Thread 0x0000022aff1acb40 Thread added: 0x0000022aff428b50
Event: 0.505 Thread 0x0000022aff428b50 Thread added: 0x0000022aff42c7d0
Event: 0.757 Thread 0x0000022af0b425c0 Thread added: 0x0000022aff706b30
Event: 0.759 Thread 0x0000022aff706b30 Thread added: 0x0000022aff7071c0
Event: 1.101 Thread 0x0000022aff7071c0 Thread added: 0x0000022aff704a60
Event: 1.580 Thread 0x0000022aff7071c0 Thread added: 0x0000022aff7043d0
Event: 1.627 Thread 0x0000022aff704a60 Thread exited: 0x0000022aff704a60
Event: 1.659 Thread 0x0000022aff7043d0 Thread exited: 0x0000022aff7043d0
Event: 3.687 Thread 0x0000022aff7071c0 Thread added: 0x0000022aff705780
Event: 3.688 Thread 0x0000022aff705780 Thread added: 0x0000022aff705e10
Event: 3.693 Thread 0x0000022aff7071c0 Thread added: 0x0000022aff7064a0
Event: 3.732 Thread 0x0000022aff7071c0 Thread added: 0x0000022aff707850
Event: 4.499 Thread 0x0000022aff7071c0 Thread added: 0x0000022aff7043d0
Event: 4.606 Thread 0x0000022aff7043d0 Thread added: 0x0000022aff704a60


Dynamic libraries:
0x00007ff6cbe70000 - 0x00007ff6cbe7e000 	C:\Program Files\sts-4.30.0.RELEASE\plugins\org.eclipse.justj.openjdk.hotspot.jre.full.win32.x86_64_21.0.6.v20250130-0529\jre\bin\javaw.exe
0x00007ffc74af0000 - 0x00007ffc74ce8000 	C:\Windows\SYSTEM32\ntdll.dll
0x00007ffc73770000 - 0x00007ffc73832000 	C:\Windows\System32\KERNEL32.DLL
0x00007ffc72320000 - 0x00007ffc72616000 	C:\Windows\System32\KERNELBASE.dll
0x00007ffc72620000 - 0x00007ffc72720000 	C:\Windows\System32\ucrtbase.dll
0x00007ffc49d70000 - 0x00007ffc49d88000 	C:\Program Files\sts-4.30.0.RELEASE\plugins\org.eclipse.justj.openjdk.hotspot.jre.full.win32.x86_64_21.0.6.v20250130-0529\jre\bin\jli.dll
0x00007ffc74910000 - 0x00007ffc74aad000 	C:\Windows\System32\USER32.dll
0x00007ffc715b0000 - 0x00007ffc7184a000 	C:\Windows\WinSxS\amd64_microsoft.windows.common-controls_6595b64144ccf1df_6.0.19041.5915_none_60b4b9d171f9c7c7\COMCTL32.dll
0x00007ffc728b0000 - 0x00007ffc728d2000 	C:\Windows\System32\win32u.dll
0x00007ffc4dd30000 - 0x00007ffc4dd4e000 	C:\Program Files\sts-4.30.0.RELEASE\plugins\org.eclipse.justj.openjdk.hotspot.jre.full.win32.x86_64_21.0.6.v20250130-0529\jre\bin\VCRUNTIME140.dll
0x00007ffc74860000 - 0x00007ffc7488b000 	C:\Windows\System32\GDI32.dll
0x00007ffc72f20000 - 0x00007ffc72fbe000 	C:\Windows\System32\msvcrt.dll
0x00007ffc72200000 - 0x00007ffc72319000 	C:\Windows\System32\gdi32full.dll
0x00007ffc728e0000 - 0x00007ffc7297d000 	C:\Windows\System32\msvcp_win.dll
0x00007ffc72ef0000 - 0x00007ffc72f1f000 	C:\Windows\System32\IMM32.DLL
0x00007ffc65ee0000 - 0x00007ffc65eec000 	C:\Program Files\sts-4.30.0.RELEASE\plugins\org.eclipse.justj.openjdk.hotspot.jre.full.win32.x86_64_21.0.6.v20250130-0529\jre\bin\vcruntime140_1.dll
0x00007ffc3d7a0000 - 0x00007ffc3d82d000 	C:\Program Files\sts-4.30.0.RELEASE\plugins\org.eclipse.justj.openjdk.hotspot.jre.full.win32.x86_64_21.0.6.v20250130-0529\jre\bin\msvcp140.dll
0x00007ffc031f0000 - 0x00007ffc03f80000 	C:\Program Files\sts-4.30.0.RELEASE\plugins\org.eclipse.justj.openjdk.hotspot.jre.full.win32.x86_64_21.0.6.v20250130-0529\jre\bin\server\jvm.dll
0x00007ffc73850000 - 0x00007ffc73901000 	C:\Windows\System32\ADVAPI32.dll
0x00007ffc73060000 - 0x00007ffc730ff000 	C:\Windows\System32\sechost.dll
0x00007ffc74730000 - 0x00007ffc74853000 	C:\Windows\System32\RPCRT4.dll
0x00007ffc72980000 - 0x00007ffc729a7000 	C:\Windows\System32\bcrypt.dll
0x00007ffc731f0000 - 0x00007ffc7325b000 	C:\Windows\System32\WS2_32.dll
0x00007ffc71fe0000 - 0x00007ffc7202b000 	C:\Windows\SYSTEM32\POWRPROF.dll
0x00007ffc68240000 - 0x00007ffc6824a000 	C:\Windows\SYSTEM32\VERSION.dll
0x00007ffc5a860000 - 0x00007ffc5a887000 	C:\Windows\SYSTEM32\WINMM.dll
0x00007ffc71fc0000 - 0x00007ffc71fd2000 	C:\Windows\SYSTEM32\UMPDC.dll
0x00007ffc702c0000 - 0x00007ffc702d2000 	C:\Windows\SYSTEM32\kernel.appcore.dll
0x00007ffc654c0000 - 0x00007ffc654ca000 	C:\Program Files\sts-4.30.0.RELEASE\plugins\org.eclipse.justj.openjdk.hotspot.jre.full.win32.x86_64_21.0.6.v20250130-0529\jre\bin\jimage.dll
0x00007ffc71a60000 - 0x00007ffc71c61000 	C:\Windows\SYSTEM32\DBGHELP.DLL
0x00007ffc71a20000 - 0x00007ffc71a54000 	C:\Windows\SYSTEM32\dbgcore.DLL
0x00007ffc72720000 - 0x00007ffc727a2000 	C:\Windows\System32\bcryptPrimitives.dll
0x00007ffc4a100000 - 0x00007ffc4a11f000 	C:\Program Files\sts-4.30.0.RELEASE\plugins\org.eclipse.justj.openjdk.hotspot.jre.full.win32.x86_64_21.0.6.v20250130-0529\jre\bin\java.dll
0x00007ffc73910000 - 0x00007ffc7407e000 	C:\Windows\System32\SHELL32.dll
0x00007ffc6fb00000 - 0x00007ffc702a4000 	C:\Windows\SYSTEM32\windows.storage.dll
0x00007ffc73410000 - 0x00007ffc73763000 	C:\Windows\System32\combase.dll
0x00007ffc71340000 - 0x00007ffc7136b000 	C:\Windows\SYSTEM32\Wldp.dll
0x00007ffc73120000 - 0x00007ffc731ed000 	C:\Windows\System32\OLEAUT32.dll
0x00007ffc72b70000 - 0x00007ffc72c1d000 	C:\Windows\System32\SHCORE.dll
0x00007ffc72d60000 - 0x00007ffc72dbb000 	C:\Windows\System32\shlwapi.dll
0x00007ffc720b0000 - 0x00007ffc720d5000 	C:\Windows\SYSTEM32\profapi.dll
0x00007ffc49b80000 - 0x00007ffc49b98000 	C:\Program Files\sts-4.30.0.RELEASE\plugins\org.eclipse.justj.openjdk.hotspot.jre.full.win32.x86_64_21.0.6.v20250130-0529\jre\bin\zip.dll
0x00007ffc6a020000 - 0x00007ffc6a030000 	C:\Program Files\sts-4.30.0.RELEASE\plugins\org.eclipse.justj.openjdk.hotspot.jre.full.win32.x86_64_21.0.6.v20250130-0529\jre\bin\net.dll
0x00007ffc65aa0000 - 0x00007ffc65baa000 	C:\Windows\SYSTEM32\WINHTTP.dll
0x00007ffc71120000 - 0x00007ffc7118a000 	C:\Windows\system32\mswsock.dll
0x00007ffc64270000 - 0x00007ffc64286000 	C:\Program Files\sts-4.30.0.RELEASE\plugins\org.eclipse.justj.openjdk.hotspot.jre.full.win32.x86_64_21.0.6.v20250130-0529\jre\bin\nio.dll
0x00007ffc62220000 - 0x00007ffc6222a000 	C:\Program Files\sts-4.30.0.RELEASE\plugins\org.eclipse.justj.openjdk.hotspot.jre.full.win32.x86_64_21.0.6.v20250130-0529\jre\bin\management.dll
0x00007ffc62140000 - 0x00007ffc6214b000 	C:\Program Files\sts-4.30.0.RELEASE\plugins\org.eclipse.justj.openjdk.hotspot.jre.full.win32.x86_64_21.0.6.v20250130-0529\jre\bin\management_ext.dll
0x00007ffc72fc0000 - 0x00007ffc72fc8000 	C:\Windows\System32\PSAPI.DLL
0x00007ffc54180000 - 0x00007ffc54197000 	C:\Windows\system32\napinsp.dll
0x00007ffc51ce0000 - 0x00007ffc51cfb000 	C:\Windows\system32\pnrpnsp.dll
0x00007ffc6b000000 - 0x00007ffc6b01d000 	C:\Windows\system32\wshbth.dll
0x00007ffc69d50000 - 0x00007ffc69d6d000 	C:\Windows\system32\NLAapi.dll
0x00007ffc70e20000 - 0x00007ffc70e5b000 	C:\Windows\SYSTEM32\IPHLPAPI.DLL
0x00007ffc70e60000 - 0x00007ffc70f2a000 	C:\Windows\SYSTEM32\DNSAPI.dll
0x00007ffc74600000 - 0x00007ffc74608000 	C:\Windows\System32\NSI.dll
0x00007ffc4ff80000 - 0x00007ffc4ff92000 	C:\Windows\System32\winrnr.dll
0x00007ffc67280000 - 0x00007ffc6728a000 	C:\Windows\System32\rasadhlp.dll
0x00007ffc5d200000 - 0x00007ffc5d280000 	C:\Windows\System32\fwpuclnt.dll
0x00007ffc71e20000 - 0x00007ffc71e38000 	C:\Windows\SYSTEM32\CRYPTSP.dll
0x00007ffc70ac0000 - 0x00007ffc70af8000 	C:\Windows\system32\rsaenh.dll
0x00007ffc72030000 - 0x00007ffc7205e000 	C:\Windows\SYSTEM32\USERENV.dll
0x00007ffc712b0000 - 0x00007ffc712bc000 	C:\Windows\SYSTEM32\CRYPTBASE.dll
0x00007ffc636b0000 - 0x00007ffc636b9000 	C:\Program Files\sts-4.30.0.RELEASE\plugins\org.eclipse.justj.openjdk.hotspot.jre.full.win32.x86_64_21.0.6.v20250130-0529\jre\bin\extnet.dll
0x00007ffc64260000 - 0x00007ffc6426e000 	C:\Program Files\sts-4.30.0.RELEASE\plugins\org.eclipse.justj.openjdk.hotspot.jre.full.win32.x86_64_21.0.6.v20250130-0529\jre\bin\sunmscapi.dll
0x00007ffc729b0000 - 0x00007ffc72b0d000 	C:\Windows\System32\CRYPT32.dll
0x00007ffc71490000 - 0x00007ffc714b7000 	C:\Windows\SYSTEM32\ncrypt.dll
0x00007ffc713a0000 - 0x00007ffc713db000 	C:\Windows\SYSTEM32\NTASN1.dll
0x00007ffc642a0000 - 0x00007ffc642b0000 	C:\Program Files\sts-4.30.0.RELEASE\plugins\org.eclipse.justj.openjdk.hotspot.jre.full.win32.x86_64_21.0.6.v20250130-0529\jre\bin\verify.dll

dbghelp: loaded successfully - version: 4.0.5 - missing functions: none
symbol engine: initialized successfully - sym options: 0x614 - pdb path: .;C:\Program Files\sts-4.30.0.RELEASE\plugins\org.eclipse.justj.openjdk.hotspot.jre.full.win32.x86_64_21.0.6.v20250130-0529\jre\bin;C:\Windows\SYSTEM32;C:\Windows\WinSxS\amd64_microsoft.windows.common-controls_6595b64144ccf1df_6.0.19041.5915_none_60b4b9d171f9c7c7;C:\Program Files\sts-4.30.0.RELEASE\plugins\org.eclipse.justj.openjdk.hotspot.jre.full.win32.x86_64_21.0.6.v20250130-0529\jre\bin\server

VM Arguments:
jvm_args: -Dcom.sun.management.jmxremote -Dcom.sun.management.jmxremote.port=61876 -Dcom.sun.management.jmxremote.authenticate=false -Dcom.sun.management.jmxremote.ssl=false -Djava.rmi.server.hostname=localhost -Dspring.jmx.enabled=true -Dmanagement.endpoints.jmx.exposure.include=* -Dspring.application.admin.enabled=true -Dspring.output.ansi.enabled=always -XX:TieredStopAtLevel=1 -Dspring.boot.project.name=StayNestProject -Dfile.encoding=UTF-8 -Dstdout.encoding=UTF-8 -Dstderr.encoding=UTF-8 -XX:+ShowCodeDetailsInExceptionMessages 
java_command: com.app.StayNestApplication
java_class_path (initial): D:\cdac\Project\StayNestProject\target\classes;C:\Users\admin\.m2\repository\org\springframework\boot\spring-boot-starter-actuator\3.5.4\spring-boot-starter-actuator-3.5.4.jar;C:\Users\admin\.m2\repository\org\springframework\boot\spring-boot-starter\3.5.4\spring-boot-starter-3.5.4.jar;C:\Users\admin\.m2\repository\org\springframework\boot\spring-boot-starter-logging\3.5.4\spring-boot-starter-logging-3.5.4.jar;C:\Users\admin\.m2\repository\ch\qos\logback\logback-classic\1.5.18\logback-classic-1.5.18.jar;C:\Users\admin\.m2\repository\ch\qos\logback\logback-core\1.5.18\logback-core-1.5.18.jar;C:\Users\admin\.m2\repository\org\apache\logging\log4j\log4j-to-slf4j\2.24.3\log4j-to-slf4j-2.24.3.jar;C:\Users\admin\.m2\repository\org\apache\logging\log4j\log4j-api\2.24.3\log4j-api-2.24.3.jar;C:\Users\admin\.m2\repository\org\slf4j\jul-to-slf4j\2.0.17\jul-to-slf4j-2.0.17.jar;C:\Users\admin\.m2\repository\org\yaml\snakeyaml\2.4\snakeyaml-2.4.jar;C:\Users\admin\.m2\repository\org\springframework\boot\spring-boot-actuator-autoconfigure\3.5.4\spring-boot-actuator-autoconfigure-3.5.4.jar;C:\Users\admin\.m2\repository\org\springframework\boot\spring-boot-actuator\3.5.4\spring-boot-actuator-3.5.4.jar;C:\Users\admin\.m2\repository\com\fasterxml\jackson\datatype\jackson-datatype-jsr310\2.19.2\jackson-datatype-jsr310-2.19.2.jar;C:\Users\admin\.m2\repository\io\micrometer\micrometer-observation\1.15.2\micrometer-observation-1.15.2.jar;C:\Users\admin\.m2\repository\io\micrometer\micrometer-commons\1.15.2\micrometer-commons-1.15.2.jar;C:\Users\admin\.m2\repository\io\micrometer\micrometer-jakarta9\1.15.2\micrometer-jakarta9-1.15.2.jar;C:\Users\admin\.m2\repository\io\micrometer\micrometer-core\1.15.2\micrometer-core-1.15.2.jar;C:\Users\admin\.m2\repository\org\hdrhistogram\HdrHistogram\2.2.2\HdrHistogram-2.2.2.jar;C:\Users\admin\.m2\repository\org\latencyutils\LatencyUtils\2.0.3\LatencyUtils-2.0.3.jar;C:\Users\admin\.m2\repository\org\springframework\boot\spring-boot-starter-data-jpa\3.5.4\spring-boot-starter-data-jpa-3.5.4.jar;C:\Users\admin\.m2\repository\org\springframework\boot\spring-boot-starter-jdbc\3.5.4\spring-boot-starter-jdbc-3.5.4.jar;C:\Users\admin\.m2\repository\com\zaxxer\HikariCP\6.3.1\HikariCP-6.3.1.jar;C:\Users\admin\.m2\repository\org\springframework\spring-jdbc\6.2.9\spring-jdbc-6.2.9.jar;C:\Users\admin\.m2\repository\org\hibernate\orm\hibernate-core\6.6.22.Final\hibernate-core-6.6.22.Final.jar;C:\Users\admin\.m2\repository\jakarta\persistence\jakarta.persistence-api\3.1.0\jakarta.persistence-api-3.1.0.jar;C:\Users\admin\.m2\repository\jakarta\transaction\jakarta.transaction-api\2.0.1\jakarta.transaction-api-2.0.1.jar;C:\Users\admin\.m2\repository\org\jboss\logging\jboss-logging\3.6.1.Final\jboss-logging-3.6.1.Final.jar;C:\Users\admin\.m2\repository\org\hibernate\common\hibernate-commons-annotations\7.0.3.Final\hibernate-commons-annotations-7.0.3.Final.jar;C:\Users\admin\.m2\repository\io\smallrye\jandex\3.2.0\jandex-3.2.0.jar;C:\Users\admin\.m2\repository\com\fasterxml\classmate\1.7.0\classmate-1.7.0.jar;C:\Users\admin\.m2\repository\net\bytebuddy\byte-buddy\1.17.6\byte-buddy-1.17.6.jar;C:\Users\admin\.m2\repository\org\glassfish\jaxb\jaxb-runtime\4.0.5\jaxb-runtime-4.0.5.jar;C:\Users\admin\.m2\repository\org\glassfish\jaxb\jaxb-core\4.0.5\jaxb-core-4.0.5.jar;C:\Users\admin\.m2\repository\org\glassfish\jaxb\txw2\4.0.5\txw2-4.0.5.jar;C:\Users\admin\.m2\repository\com\sun\istack\istack-commons-runtime\4.1.2\istack-commons-runtime-4.1.2.jar;C:\Users\admin\.m2\repository\jakarta\inject\jakarta.inject-api\2.0.1\jakarta.inject-api-2.0.1.jar;C:\Users\admin\.m2\repository\org\antlr\antlr4-runtime\4.13.0\antlr4-runtime-4.13.0.jar;C:\Users\admin\.m2\repository\org\springframework\data\spring-data-jpa\3.5.2\spring-data-jpa-3.5.2.jar;C:\Users\admin\.m2\repository\org\springframework\data\spring-data-commons\3.5.2\spring-data-commons-3.5.2.jar;C:\Users\admin\.m2\repository\org\springframework\spring-orm\6.2.9\spring-orm-6.2.9.jar;C:\Users\admin\.m2\repository\org\springframework\spring-context\6.2.9\spring-context-6.2.9.jar;C:\Users\admin\.m2\repository\org\springframework\spring-tx\6.2.9\spring-tx-6.2.9.jar;C:\Users\admin\.m2\repository\org\springframework\spring-beans\6.2.9\spring-beans-6.2.9.jar;C:\Users\admin\.m2\repository\org\slf4j\slf4j-api\2.0.17\slf4j-api-2.0.17.jar;C:\Users\admin\.m2\repository\org\springframework\spring-aspects\6.2.9\spring-aspects-6.2.9.jar;C:\Users\admin\.m2\repository\org\aspectj\aspectjweaver\1.9.24\aspectjweaver-1.9.24.jar;C:\Users\admin\.m2\repository\org\springframework\boot\spring-boot-starter-validation\3.5.4\spring-boot-starter-validation-3.5.4.jar;C:\Users\admin\.m2\repository\org\apache\tomcat\embed\tomcat-embed-el\10.1.43\tomcat-embed-el-10.1.43.jar;C:\Users\admin\.m2\repository\org\hibernate\validator\hibernate-validator\8.0.2.Final\hibernate-validator-8.0.2.Final.jar;C:\Users\admin\.m2\repository\jakarta\validation\jakarta.validation-api\3.0.2\jakarta.validation-api-3.0.2.jar;C:\Users\admin\.m2\repository\org\springframework\boot\spring-boot-starter-web\3.5.4\spring-boot-starter-web-3.5.4.jar;C:\Users\admin\.m2\repository\org\springframework\boot\spring-boot-starter-json\3.5.4\spring-boot-starter-json-3.5.4.jar;C:\Users\admin\.m2\repository\com\fasterxml\jackson\datatype\jackson-datatype-jdk8\2.19.2\jackson-datatype-jdk8-2.19.2.jar;C:\Users\admin\.m2\repository\com\fasterxml\jackson\module\jackson-module-parameter-names\2.19.2\jackson-module-parameter-names-2.19.2.jar;C:\Users\admin\.m2\repository\org\springframework\spring-web\6.2.9\spring-web-6.2.9.jar;C:\Users\admin\.m2\repository\org\springframework\spring-webmvc\6.2.9\spring-webmvc-6.2.9.jar;C:\Users\admin\.m2\repository\org\springframework\spring-expression\6.2.9\spring-expression-6.2.9.jar;C:\Users\admin\.m2\repository\org\springframework\boot\spring-boot-devtools\3.5.4\spring-boot-devtools-3.5.4.jar;C:\Users\admin\.m2\repository\org\springframework\boot\spring-boot\3.5.4\spring-boot-3.5.4.jar;C:\Users\admin\.m2\repository\org\springframework\boot\spring-boot-autoconfigure\3.5.4\spring-boot-autoconfigure-3.5.4.jar;C:\Users\admin\.m2\repository\com\mysql\mysql-connector-j\9.3.0\mysql-connector-j-9.3.0.jar;C:\Users\admin\.m2\repository\org\projectlombok\lombok\1.18.38\lombok-1.18.38.jar;C:\Users\admin\.m2\repository\org\springframework\boot\spring-boot-starter-tomcat\3.5.4\spring-boot-starter-tomcat-3.5.4.jar;C:\Users\admin\.m2\repository\jakarta\annotation\jakarta.annotation-api\2.1.1\jakarta.annotation-api-2.1.1.jar;C:\Users\admin\.m2\repository\org\apache\tomcat\embed\tomcat-embed-core\10.1.43\tomcat-embed-core-10.1.43.jar;C:\Users\admin\.m2\repository\org\apache\tomcat\embed\tomcat-embed-websocket\10.1.43\tomcat-embed-websocket-10.1.43.jar;C:\Users\admin\.m2\repository\jakarta\xml\bind\jakarta.xml.bind-api\4.0.2\jakarta.xml.bind-api-4.0.2.jar;C:\Users\admin\.m2\repository\jakarta\activation\jakarta.activation-api\2.1.3\jakarta.activation-api-2.1.3.jar;C:\Users\admin\.m2\repository\org\springframework\spring-core\6.2.9\spring-core-6.2.9.jar;C:\Users\admin\.m2\repository\org\springframework\spring-jcl\6.2.9\spring-jcl-6.2.9.jar;C:\Users\admin\.m2\repository\org\springdoc\springdoc-openapi-starter-webmvc-ui\2.8.9\springdoc-openapi-starter-webmvc-ui-2.8.9.jar;C:\Users\admin\.m2\repository\org\springdoc\springdoc-openapi-starter-webmvc-api\2.8.9\springdoc-openapi-starter-webmvc-api-2.8.9.jar;C:\Users\admin\.m2\repository\org\springdoc\springdoc-openapi-starter-common\2.8.9\springdoc-openapi-starter-common-2.8.9.jar;C:\Users\admin\.m2\repository\io\swagger\core\v3\swagger-core-jakarta\2.2.30\swagger-core-jakarta-2.2.30.jar;C:\Users\admin\.m2\repository\org\apache\commons\commons-lang3\3.17.0\commons-lang3-3.17.0.jar;C:\Users\admin\.m2\repository\io\swagger\core\v3\swagger-annotations-jakarta\2.2.30\swagger-annotations-jakarta-2.2.30.jar;C:\Users\admin\.m2\repository\io\swagger\core\v3\swagger-models-jakarta\2.2.30\swagger-models-jakarta-2.2.30.jar;C:\Users\admin\.m2\repository\com\fasterxml\jackson\dataformat\jackson-dataformat-yaml\2.19.2\jackson-dataformat-yaml-2.19.2.jar;C:\Users\admin\.m2\repository\org\webjars\swagger-ui\5.21.0\swagger-ui-5.21.0.jar;C:\Users\admin\.m2\repository\org\webjars\webjars-locator-lite\1.1.0\webjars-locator-lite-1.1.0.jar;C:\Users\admin\.m2\repository\org\jspecify\jspecify\1.0.0\jspecify-1.0.0.jar;C:\Users\admin\.m2\repository\org\modelmapper\modelmapper\3.2.3\modelmapper-3.2.3.jar;C:\Users\admin\.m2\repository\org\springframework\boot\spring-boot-starter-security\3.5.4\spring-boot-starter-security-3.5.4.jar;C:\Users\admin\.m2\repository\org\springframework\spring-aop\6.2.9\spring-aop-6.2.9.jar;C:\Users\admin\.m2\repository\org\springframework\security\spring-security-config\6.5.2\spring-security-config-6.5.2.jar;C:\Users\admin\.m2\repository\org\springframework\security\spring-security-web\6.5.2\spring-security-web-6.5.2.jar;C:\Users\admin\.m2\repository\org\springframework\security\spring-security-core\6.5.2\spring-security-core-6.5.2.jar;C:\Users\admin\.m2\repository\org\springframework\security\spring-security-crypto\6.5.2\spring-security-crypto-6.5.2.jar;C:\Users\admin\.m2\repository\io\jsonwebtoken\jjwt-api\0.12.6\jjwt-api-0.12.6.jar;C:\Users\admin\.m2\repository\io\jsonwebtoken\jjwt-impl\0.12.6\jjwt-impl-0.12.6.jar;C:\Users\admin\.m2\repository\io\jsonwebtoken\jjwt-jackson\0.12.6\jjwt-jackson-0.12.6.jar;C:\Users\admin\.m2\repository\com\fasterxml\jackson\core\jackson-databind\2.19.2\jackson-databind-2.19.2.jar;C:\Users\admin\.m2\repository\com\fasterxml\jackson\core\jackson-annotations\2.19.2\jackson-annotations-2.19.2.jar;C:\Users\admin\.m2\repository\com\fasterxml\jackson\core\jackson-core\2.19.2\jackson-core-2.19.2.jar;C:\Users\admin\.m2\repository\org\springframework\boot\spring-boot-starter-mail\3.5.4\spring-boot-starter-mail-3.5.4.jar;C:\Users\admin\.m2\repository\org\springframework\spring-context-support\6.2.9\spring-context-support-6.2.9.jar;C:\Users\admin\.m2\repository\org\eclipse\angus\jakarta.mail\2.0.3\jakarta.mail-2.0.3.jar;C:\Users\admin\.m2\repository\org\eclipse\angus\angus-activation\2.0.2\angus-activation-2.0.2.jar
Launcher Type: SUN_STANDARD

[Global flags]
     intx CICompilerCount                          = 4                                         {product} {ergonomic}
     uint ConcGCThreads                            = 2                                         {product} {ergonomic}
     uint G1ConcRefinementThreads                  = 8                                         {product} {ergonomic}
   size_t G1HeapRegionSize                         = 1048576                                   {product} {ergonomic}
    uintx GCDrainStackTargetSize                   = 64                                        {product} {ergonomic}
   size_t InitialHeapSize                          = 132120576                                 {product} {ergonomic}
     bool ManagementServer                         = true                                      {product} {command line}
   size_t MarkStackSize                            = 4194304                                   {product} {ergonomic}
   size_t MaxHeapSize                              = 2111832064                                {product} {ergonomic}
   size_t MaxNewSize                               = 1266679808                                {product} {ergonomic}
   size_t MinHeapDeltaBytes                        = 1048576                                   {product} {ergonomic}
   size_t MinHeapSize                              = 8388608                                   {product} {ergonomic}
    uintx NonNMethodCodeHeapSize                   = 4096                                   {pd product} {ergonomic}
    uintx NonProfiledCodeHeapSize                  = 0                                      {pd product} {ergonomic}
     bool ProfileInterpreter                       = false                                  {pd product} {command line}
    uintx ProfiledCodeHeapSize                     = 0                                      {pd product} {ergonomic}
     bool ShowCodeDetailsInExceptionMessages       = true                                   {manageable} {command line}
   size_t SoftMaxHeapSize                          = 2111832064                             {manageable} {ergonomic}
     intx TieredStopAtLevel                        = 1                                         {product} {command line}
     bool UseCompressedOops                        = true                           {product lp64_product} {ergonomic}
     bool UseG1GC                                  = true                                      {product} {ergonomic}
     bool UseLargePagesIndividualAllocation        = false                                  {pd product} {ergonomic}

Logging:
Log output configuration:
 #0: stdout all=warning uptime,level,tags foldmultilines=false
 #1: stderr all=off uptime,level,tags foldmultilines=false

Environment Variables:
PATH=C:/Program Files/sts-4.30.0.RELEASE//plugins/org.eclipse.justj.openjdk.hotspot.jre.full.win32.x86_64_21.0.6.v20250130-0529/jre/bin/server;C:/Program Files/sts-4.30.0.RELEASE//plugins/org.eclipse.justj.openjdk.hotspot.jre.full.win32.x86_64_21.0.6.v20250130-0529/jre/bin;C:\Program Files\Java\jdk-11.0.16\bin;C:\Program Files\Java\jdk-21\bin;C:\Program Files\MongoDB\mongodb-database-tools-windows-x86_64-100.11.0\bin;C:\Program Files\MongoDB\mongosh-2.4.2-win32-x64\bin;C:\Program Files\MongoDB\Server\8.0\bin;C:\Program Files\Common Files\Oracle\Java\javapath;C:\Program Files (x86)\Common Files\Oracle\Java\javapath;C:\Windows\system32;C:\Windows;C:\Windows\System32\Wbem;C:\Windows\System32\WindowsPowerShell\v1.0\;C:\Windows\System32\OpenSSH\;C:\Program Files (x86)\Windows Kits\10\Windows Performance Toolkit\;C:\Program Files\nodejs\;C:\Program Files\Git\cmd;C:\TDM-GCC-32\bin;C:\Program Files (x86)\Microsoft VS Code\bin;C:\Program Files\Microsoft SQL Server\150\Tools\Binn\;C:\Program Files\Microsoft SQL Server\Client SDK\ODBC\170\Tools\Binn\;C:\Program Files\dotnet\;C:\Program Files\MySQL\MySQL Shell 8.0\bin\;C:\Users\admin\AppData\Local\Microsoft\WindowsApps;C:\Users\admin\AppData\Local\Programs\Microsoft VS Code\bin;C:\Users\admin\AppData\Roaming\npm;C:\Users\admin\.dotnet\tools;C:\Program Files\sts-4.30.0.RELEASE;
USERNAME=admin
OS=Windows_NT
PROCESSOR_IDENTIFIER=Intel64 Family 6 Model 142 Stepping 10, GenuineIntel
TMP=C:\Users\admin\AppData\Local\Temp
TEMP=C:\Users\admin\AppData\Local\Temp




Periodic native trim disabled

---------------  S Y S T E M  ---------------

OS:
 Windows 10 , 64 bit Build 19041 (10.0.19041.5915)
OS uptime: 32 days 1:44 hours
Hyper-V role detected

CPU: total 8 (initial active 8) (4 cores per cpu, 2 threads per core) family 6 model 142 stepping 10 microcode 0xd6, cx8, cmov, fxsr, ht, mmx, 3dnowpref, sse, sse2, sse3, ssse3, sse4.1, sse4.2, popcnt, lzcnt, tsc, tscinvbit, avx, avx2, aes, erms, clmul, bmi1, bmi2, rtm, adx, fma, vzeroupper, clflush, clflushopt, hv, rdtscp, f16c
Processor Information for the first 8 processors :
  Max Mhz: 1896, Current Mhz: 1696, Mhz Limit: 1687

Memory: 4k page, system-wide physical 8050M (253M free)
TotalPageFile size 20550M (AvailPageFile size 8M)
current process WorkingSet (physical memory assigned to process): 280M, peak: 280M
current process commit charge ("private bytes"): 350M, peak: 413M

vm_info: OpenJDK 64-Bit Server VM (21.0.6+7-LTS) for windows-amd64 JRE (21.0.6+7-LTS), built on 2025-01-21T00:00:00Z by "admin" with MS VC++ 17.7 (VS2022)

END.
